<?xml version="1.0" encoding="UTF-8"?>
<testsuite xmlns:xsi="http://www.w3.org/2001/XMLSchema-instance" xsi:noNamespaceSchemaLocation="https://maven.apache.org/surefire/maven-surefire-plugin/xsd/surefire-test-report.xsd" name="Steps.LoginTest" time="11.396" tests="2" errors="2" skipped="0" failures="0">
  <properties>
[...]
</properties>
  <testcase name="user can navigate and search results on Movistar.com" classname="Check the Movistar.com" time="9.135">
    <error message="Could not start a new session. Response code 500. Message: session not created: This version of ChromeDriver only supports Chrome version 114&#10;Current browser version is 116.0.5845.140 with binary path /usr/bin/google-chrome &#10;Host info: host: &apos;victor-X555LDB&apos;, ip: &apos;127.0.1.1&apos;&#10;Build info: version: &apos;4.9.0&apos;, revision: &apos;d7057100a6&apos;&#10;System info: os.name: &apos;Linux&apos;, os.arch: &apos;amd64&apos;, os.version: &apos;6.2.3-060203-generic&apos;, java.version: &apos;11.0.20.1&apos;&#10;Driver info: org.openqa.selenium.chrome.ChromeDriver&#10;Command: [null, newSession {capabilities=[Capabilities {acceptInsecureCerts: true, browserName: chrome, goog:chromeOptions: {args: [--remote-allow-origins=*, --headless=new, --proxy-bypass-list=&lt;-loopb..., --disable-dev-shm-usage, --no-sandbox, --disable-background-networ..., --enable-features=NetworkSe..., --disable-background-timer-..., --disable-backgrounding-occ..., --disable-breakpad, --disable-client-side-phish..., --disable-component-extensi..., --disable-default-apps, --disable-features=TranslateUI, --disable-hang-monitor, --disable-ipc-flooding-prot..., --disable-popup-blocking, --disable-prompt-on-repost, --disable-renderer-backgrou..., --disable-sync, --force-color-profile=srgb, --metrics-recording-only, --no-first-run, --password-store=basic, --use-mock-keychain, --hide-scrollbars, --mute-audio, --window-size=1366,768], excludeSwitches: [enable-automation, load-extension], extensions: [], prefs: {credentials_enable_service: false, download.default_directory: /home/victor/Escritorio/QAP..., plugins.always_open_pdf_externally: true, profile.default_content_setting_values.automatic_downloads: 1, safebrowsing.enabled: true}}, pageLoadStrategy: normal, unhandledPromptBehavior: accept}]}]&#10;selenide.url: https://www.movistar.es/particulares/movistarplus/&#10;selenide.baseUrl: http://localhost:8080" type="org.openqa.selenium.SessionNotCreatedException"><![CDATA[org.openqa.selenium.SessionNotCreatedException: 
Could not start a new session. Response code 500. Message: session not created: This version of ChromeDriver only supports Chrome version 114
Current browser version is 116.0.5845.140 with binary path /usr/bin/google-chrome 
Host info: host: 'victor-X555LDB', ip: '127.0.1.1'
Build info: version: '4.9.0', revision: 'd7057100a6'
System info: os.name: 'Linux', os.arch: 'amd64', os.version: '6.2.3-060203-generic', java.version: '11.0.20.1'
Driver info: org.openqa.selenium.chrome.ChromeDriver
Command: [null, newSession {capabilities=[Capabilities {acceptInsecureCerts: true, browserName: chrome, goog:chromeOptions: {args: [--remote-allow-origins=*, --headless=new, --proxy-bypass-list=<-loopb..., --disable-dev-shm-usage, --no-sandbox, --disable-background-networ..., --enable-features=NetworkSe..., --disable-background-timer-..., --disable-backgrounding-occ..., --disable-breakpad, --disable-client-side-phish..., --disable-component-extensi..., --disable-default-apps, --disable-features=TranslateUI, --disable-hang-monitor, --disable-ipc-flooding-prot..., --disable-popup-blocking, --disable-prompt-on-repost, --disable-renderer-backgrou..., --disable-sync, --force-color-profile=srgb, --metrics-recording-only, --no-first-run, --password-store=basic, --use-mock-keychain, --hide-scrollbars, --mute-audio, --window-size=1366,768], excludeSwitches: [enable-automation, load-extension], extensions: [], prefs: {credentials_enable_service: false, download.default_directory: /home/victor/Escritorio/QAP..., plugins.always_open_pdf_externally: true, profile.default_content_setting_values.automatic_downloads: 1, safebrowsing.enabled: true}}, pageLoadStrategy: normal, unhandledPromptBehavior: accept}]}]
selenide.url: https://www.movistar.es/particulares/movistarplus/
selenide.baseUrl: http://localhost:8080
]]></error>
    <system-err><![CDATA[Unexpected problem occured during version sanity check
Reported exception:
java.lang.AbstractMethodError: Receiver class org.slf4j.simple.SimpleServiceProvider does not define or inherit an implementation of the resolved method 'abstract java.lang.String getRequestedApiVersion()' of interface org.slf4j.spi.SLF4JServiceProvider.
	at org.slf4j.LoggerFactory.versionSanityCheck(LoggerFactory.java:331)
	at org.slf4j.LoggerFactory.performInitialization(LoggerFactory.java:172)
	at org.slf4j.LoggerFactory.getProvider(LoggerFactory.java:455)
	at org.slf4j.LoggerFactory.getILoggerFactory(LoggerFactory.java:441)
	at org.slf4j.LoggerFactory.getLogger(LoggerFactory.java:390)
	at org.slf4j.LoggerFactory.getLogger(LoggerFactory.java:416)
	at com.codeborne.selenide.logevents.SimpleReport.<clinit>(SimpleReport.java:24)
	at Steps.TextReport.<init>(TextReport.java:9)
	at java.base/jdk.internal.reflect.NativeConstructorAccessorImpl.newInstance0(Native Method)
	at java.base/jdk.internal.reflect.NativeConstructorAccessorImpl.newInstance(NativeConstructorAccessorImpl.java:62)
	at java.base/jdk.internal.reflect.DelegatingConstructorAccessorImpl.newInstance(DelegatingConstructorAccessorImpl.java:45)
	at java.base/java.lang.reflect.Constructor.newInstance(Constructor.java:490)
	at io.cucumber.core.runtime.ObjectFactoryServiceLoader$DefaultJavaObjectFactory.cacheNewInstance(ObjectFactoryServiceLoader.java:135)
	at io.cucumber.core.runtime.ObjectFactoryServiceLoader$DefaultJavaObjectFactory.getInstance(ObjectFactoryServiceLoader.java:127)
	at io.cucumber.java.AbstractGlueDefinition.invokeMethod(AbstractGlueDefinition.java:47)
	at io.cucumber.java.JavaHookDefinition.execute(JavaHookDefinition.java:64)
	at io.cucumber.core.runner.CoreHookDefinition.execute(CoreHookDefinition.java:46)
	at io.cucumber.core.runner.HookDefinitionMatch.runStep(HookDefinitionMatch.java:21)
	at io.cucumber.core.runner.ExecutionMode$1.execute(ExecutionMode.java:10)
	at io.cucumber.core.runner.TestStep.executeStep(TestStep.java:86)
	at io.cucumber.core.runner.TestStep.run(TestStep.java:57)
	at io.cucumber.core.runner.TestCase.run(TestCase.java:89)
	at io.cucumber.core.runner.Runner.runPickle(Runner.java:75)
	at io.cucumber.junit.PickleRunners$NoStepDescriptions.lambda$run$0(PickleRunners.java:151)
	at io.cucumber.core.runtime.CucumberExecutionContext.lambda$runTestCase$3(CucumberExecutionContext.java:110)
	at io.cucumber.core.runtime.RethrowingThrowableCollector.executeAndThrow(RethrowingThrowableCollector.java:23)
	at io.cucumber.core.runtime.CucumberExecutionContext.runTestCase(CucumberExecutionContext.java:110)
	at io.cucumber.junit.PickleRunners$NoStepDescriptions.run(PickleRunners.java:148)
	at io.cucumber.junit.FeatureRunner.runChild(FeatureRunner.java:144)
	at io.cucumber.junit.FeatureRunner.runChild(FeatureRunner.java:28)
	at org.junit.runners.ParentRunner$4.run(ParentRunner.java:331)
	at org.junit.runners.ParentRunner$1.schedule(ParentRunner.java:79)
	at org.junit.runners.ParentRunner.runChildren(ParentRunner.java:329)
	at org.junit.runners.ParentRunner.access$100(ParentRunner.java:66)
	at org.junit.runners.ParentRunner$2.evaluate(ParentRunner.java:293)
	at org.junit.runners.ParentRunner$3.evaluate(ParentRunner.java:306)
	at org.junit.runners.ParentRunner.run(ParentRunner.java:413)
	at io.cucumber.junit.FeatureRunner.run(FeatureRunner.java:137)
	at io.cucumber.junit.Cucumber.runChild(Cucumber.java:196)
	at io.cucumber.junit.Cucumber.runChild(Cucumber.java:89)
	at org.junit.runners.ParentRunner$4.run(ParentRunner.java:331)
	at org.junit.runners.ParentRunner$1.schedule(ParentRunner.java:79)
	at org.junit.runners.ParentRunner.runChildren(ParentRunner.java:329)
	at org.junit.runners.ParentRunner.access$100(ParentRunner.java:66)
	at org.junit.runners.ParentRunner$2.evaluate(ParentRunner.java:293)
	at io.cucumber.junit.Cucumber$RunBeforeAllHooks.evaluate(Cucumber.java:266)
	at io.cucumber.junit.Cucumber$RunAfterAllHooks.evaluate(Cucumber.java:281)
	at io.cucumber.junit.Cucumber$StartTestRun.evaluate(Cucumber.java:233)
	at io.cucumber.junit.Cucumber$FinishTestRun.evaluate(Cucumber.java:248)
	at org.junit.runners.ParentRunner$3.evaluate(ParentRunner.java:306)
	at org.junit.runners.ParentRunner.run(ParentRunner.java:413)
	at org.apache.maven.surefire.junit4.JUnit4Provider.execute(JUnit4Provider.java:365)
	at org.apache.maven.surefire.junit4.JUnit4Provider.executeWithRerun(JUnit4Provider.java:273)
	at org.apache.maven.surefire.junit4.JUnit4Provider.executeTestSet(JUnit4Provider.java:238)
	at org.apache.maven.surefire.junit4.JUnit4Provider.invoke(JUnit4Provider.java:159)
	at org.apache.maven.surefire.booter.ForkedBooter.invokeProviderInSameClassLoader(ForkedBooter.java:384)
	at org.apache.maven.surefire.booter.ForkedBooter.runSuitesInProcess(ForkedBooter.java:345)
	at org.apache.maven.surefire.booter.ForkedBooter.execute(ForkedBooter.java:126)
	at org.apache.maven.surefire.booter.ForkedBooter.main(ForkedBooter.java:418)
[main] INFO com.codeborne.selenide.impl.WebDriverThreadLocalContainer - No webdriver is bound to current thread: 1 - let's create a new webdriver
[main] INFO com.codeborne.selenide.impl.FileHelper - Creating folder: /home/victor/Escritorio/QAProject/target/downloads/1693870972423_179275_1
[main] ERROR io.github.bonigarcia.wdm.online.HttpClient - Error HTTP 404 executing https://chromedriver.storage.googleapis.com/LATEST_RELEASE_116
[main] WARN io.github.bonigarcia.wdm.versions.VersionDetector - Exception reading https://chromedriver.storage.googleapis.com/LATEST_RELEASE_116 to get latest version of chromedriver (Error HTTP 404 executing https://chromedriver.storage.googleapis.com/LATEST_RELEASE_116)
[main] INFO io.github.bonigarcia.wdm.WebDriverManager - Exporting webdriver.chrome.driver as /home/victor/.cache/selenium/chromedriver/linux64/114.0.5735.90/chromedriver
[main] INFO com.codeborne.selenide.webdriver.SelenideNettyClientFactory - Changed readTimeout from PT3M to PT1M30S
Starting ChromeDriver 114.0.5735.90 (386bc09e8f4f2e025eddae123f36f6263096ae49-refs/branch-heads/5735@{#1052}) on port 31549
Only local connections are allowed.
Please see https://chromedriver.chromium.org/security-considerations for suggestions on keeping ChromeDriver safe.
ChromeDriver was started successfully.
[main] INFO com.codeborne.selenide.logevents.SimpleReport - Report for user can navigate and search results on Movistar.com
+----------------------+----------------------------------------------------+------------+------------+
| Element              | Subject                                            | Status     | ms.        |
+----------------------+----------------------------------------------------+------------+------------+
| webdriver            | create()                                           | FAIL       | 8526       |
| open                 | https://www.movistar.es/particulares/movistarplus/ | FAIL       | 8543       |
+----------------------+----------------------------------------------------+------------+------------+

]]></system-err>
  </testcase>
  <testcase name="user can navigate and search results in responsive mobile mode on www.telefonica.com" classname="Check the www.telefonica.com" time="1.325">
    <error message="Could not start a new session. Response code 500. Message: session not created: This version of ChromeDriver only supports Chrome version 114&#10;Current browser version is 116.0.5845.140 with binary path /usr/bin/google-chrome &#10;Host info: host: &apos;victor-X555LDB&apos;, ip: &apos;127.0.1.1&apos;&#10;Build info: version: &apos;4.9.0&apos;, revision: &apos;d7057100a6&apos;&#10;System info: os.name: &apos;Linux&apos;, os.arch: &apos;amd64&apos;, os.version: &apos;6.2.3-060203-generic&apos;, java.version: &apos;11.0.20.1&apos;&#10;Driver info: org.openqa.selenium.chrome.ChromeDriver&#10;Command: [null, newSession {capabilities=[Capabilities {acceptInsecureCerts: true, browserName: chrome, goog:chromeOptions: {args: [--remote-allow-origins=*, --headless=new, --proxy-bypass-list=&lt;-loopb..., --disable-dev-shm-usage, --no-sandbox, --disable-background-networ..., --enable-features=NetworkSe..., --disable-background-timer-..., --disable-backgrounding-occ..., --disable-breakpad, --disable-client-side-phish..., --disable-component-extensi..., --disable-default-apps, --disable-features=TranslateUI, --disable-hang-monitor, --disable-ipc-flooding-prot..., --disable-popup-blocking, --disable-prompt-on-repost, --disable-renderer-backgrou..., --disable-sync, --force-color-profile=srgb, --metrics-recording-only, --no-first-run, --password-store=basic, --use-mock-keychain, --hide-scrollbars, --mute-audio, --window-size=390,850], excludeSwitches: [enable-automation, load-extension], extensions: [], prefs: {credentials_enable_service: false, download.default_directory: /home/victor/Escritorio/QAP..., plugins.always_open_pdf_externally: true, profile.default_content_setting_values.automatic_downloads: 1, safebrowsing.enabled: true}}, pageLoadStrategy: normal, unhandledPromptBehavior: accept}]}]&#10;selenide.url: https://www.telefonica.com/es/&#10;selenide.baseUrl: http://localhost:8080" type="org.openqa.selenium.SessionNotCreatedException"><![CDATA[org.openqa.selenium.SessionNotCreatedException: 
Could not start a new session. Response code 500. Message: session not created: This version of ChromeDriver only supports Chrome version 114
Current browser version is 116.0.5845.140 with binary path /usr/bin/google-chrome 
Host info: host: 'victor-X555LDB', ip: '127.0.1.1'
Build info: version: '4.9.0', revision: 'd7057100a6'
System info: os.name: 'Linux', os.arch: 'amd64', os.version: '6.2.3-060203-generic', java.version: '11.0.20.1'
Driver info: org.openqa.selenium.chrome.ChromeDriver
Command: [null, newSession {capabilities=[Capabilities {acceptInsecureCerts: true, browserName: chrome, goog:chromeOptions: {args: [--remote-allow-origins=*, --headless=new, --proxy-bypass-list=<-loopb..., --disable-dev-shm-usage, --no-sandbox, --disable-background-networ..., --enable-features=NetworkSe..., --disable-background-timer-..., --disable-backgrounding-occ..., --disable-breakpad, --disable-client-side-phish..., --disable-component-extensi..., --disable-default-apps, --disable-features=TranslateUI, --disable-hang-monitor, --disable-ipc-flooding-prot..., --disable-popup-blocking, --disable-prompt-on-repost, --disable-renderer-backgrou..., --disable-sync, --force-color-profile=srgb, --metrics-recording-only, --no-first-run, --password-store=basic, --use-mock-keychain, --hide-scrollbars, --mute-audio, --window-size=390,850], excludeSwitches: [enable-automation, load-extension], extensions: [], prefs: {credentials_enable_service: false, download.default_directory: /home/victor/Escritorio/QAP..., plugins.always_open_pdf_externally: true, profile.default_content_setting_values.automatic_downloads: 1, safebrowsing.enabled: true}}, pageLoadStrategy: normal, unhandledPromptBehavior: accept}]}]
selenide.url: https://www.telefonica.com/es/
selenide.baseUrl: http://localhost:8080
]]></error>
    <system-err><![CDATA[[main] ERROR io.github.bonigarcia.wdm.online.HttpClient - Error HTTP 404 executing https://chromedriver.storage.googleapis.com/LATEST_RELEASE_116
[main] WARN io.github.bonigarcia.wdm.versions.VersionDetector - Exception reading https://chromedriver.storage.googleapis.com/LATEST_RELEASE_116 to get latest version of chromedriver (Error HTTP 404 executing https://chromedriver.storage.googleapis.com/LATEST_RELEASE_116)
[main] INFO io.github.bonigarcia.wdm.WebDriverManager - Exporting webdriver.chrome.driver as /home/victor/.cache/selenium/chromedriver/linux64/114.0.5735.90/chromedriver
[main] INFO com.codeborne.selenide.impl.WebDriverThreadLocalContainer - No webdriver is bound to current thread: 1 - let's create a new webdriver
[main] INFO com.codeborne.selenide.impl.FileHelper - Creating folder: /home/victor/Escritorio/QAProject/target/downloads/1693870981443_179275_1
[main] INFO com.codeborne.selenide.webdriver.SelenideNettyClientFactory - Changed readTimeout from PT3M to PT1M30S
Starting ChromeDriver 114.0.5735.90 (386bc09e8f4f2e025eddae123f36f6263096ae49-refs/branch-heads/5735@{#1052}) on port 30697
Only local connections are allowed.
Please see https://chromedriver.chromium.org/security-considerations for suggestions on keeping ChromeDriver safe.
ChromeDriver was started successfully.
[main] INFO com.codeborne.selenide.logevents.SimpleReport - Report for user can navigate and search results in responsive mobile mode on www.telefonica.com
+----------------------+--------------------------------+------------+------------+
| Element              | Subject                        | Status     | ms.        |
+----------------------+--------------------------------+------------+------------+
| webdriver            | create()                       | FAIL       | 831        |
| open                 | https://www.telefonica.com/es/ | FAIL       | 832        |
+----------------------+--------------------------------+------------+------------+

]]></system-err>
  </testcase>
</testsuite>