<?xml version="1.0" encoding="UTF-8"?>
<testsuite xmlns:xsi="http://www.w3.org/2001/XMLSchema-instance" xsi:noNamespaceSchemaLocation="https://maven.apache.org/surefire/maven-surefire-plugin/xsd/surefire-test-report.xsd" name="TestRunner" time="0.131" tests="1" errors="1" skipped="0" failures="0">
  <properties>
[...]
</properties>
  <testcase name="initializationError" classname="TestRunner" time="0.01">
    <error message="C:\Users\VICTOR\Documents\GitHub\Shopery\src\test\resources\Steps is not valid. Try &lt;uri or path&gt;/&lt;name&gt;.feature[:LINE]*" type="java.lang.IllegalArgumentException"><![CDATA[java.lang.IllegalArgumentException: C:\Users\VICTOR\Documents\GitHub\Shopery\src\test\resources\Steps is not valid. Try <uri or path>/<name>.feature[:LINE]*
Caused by: java.lang.IllegalArgumentException: Illegal character in opaque part at index 2: C:\Users\VICTOR\Documents\GitHub\Shopery\src\test\resources\Steps
Caused by: java.net.URISyntaxException: Illegal character in opaque part at index 2: C:\Users\VICTOR\Documents\GitHub\Shopery\src\test\resources\Steps
]]></error>
  </testcase>
</testsuite>